[INFO] Running tests...
[ERROR] Tests run: 12, Failures: 1, Errors: 0, Skipped: 0
[ERROR]   UserServiceTest.shouldCreateUser:42 expected:<200> but was:<500>
[INFO] BUILD FAILURE
